{"D:\\大前端学习资源\\webpack\\builder-webpack\\lib\\webpack.prod.js":{"path":"D:\\大前端学习资源\\webpack\\builder-webpack\\lib\\webpack.prod.js","s":{"1":1,"2":1,"3":1,"4":1,"5":1,"6":1,"7":1},"b":{},"f":{},"fnMap":{},"statementMap":{"1":{"start":{"line":10,"column":0},"end":{"line":10,"column":66}},"2":{"start":{"line":11,"column":0},"end":{"line":11,"column":85}},"3":{"start":{"line":12,"column":0},"end":{"line":12,"column":41}},"4":{"start":{"line":13,"column":0},"end":{"line":13,"column":45}},"5":{"start":{"line":15,"column":0},"end":{"line":52,"column":2}},"6":{"start":{"line":53,"column":0},"end":{"line":53,"column":26}},"7":{"start":{"line":54,"column":0},"end":{"line":54,"column":47}}},"branchMap":{}},"D:\\大前端学习资源\\webpack\\builder-webpack\\lib\\webpack.base.js":{"path":"D:\\大前端学习资源\\webpack\\builder-webpack\\lib\\webpack.base.js","s":{"1":1,"2":1,"3":1,"4":1,"5":1,"6":1,"7":1,"8":1,"9":1,"10":1,"11":1,"12":1,"13":1,"14":2,"15":2,"16":2,"17":2,"18":2,"19":1,"20":1,"21":1,"22":0,"23":0,"24":0},"b":{"1":[2,2],"2":[0,0],"3":[0,0,0]},"f":{"1":0},"fnMap":{"1":{"name":"errorPlugin","line":128,"loc":{"start":{"line":128,"column":4},"end":{"line":128,"column":27}}}},"statementMap":{"1":{"start":{"line":18,"column":0},"end":{"line":18,"column":29}},"2":{"start":{"line":19,"column":0},"end":{"line":19,"column":29}},"3":{"start":{"line":20,"column":0},"end":{"line":20,"column":57}},"4":{"start":{"line":21,"column":0},"end":{"line":21,"column":64}},"5":{"start":{"line":22,"column":0},"end":{"line":22,"column":63}},"6":{"start":{"line":23,"column":0},"end":{"line":23,"column":85}},"7":{"start":{"line":25,"column":0},"end":{"line":25,"column":34}},"8":{"start":{"line":26,"column":0},"end":{"line":26,"column":38}},"9":{"start":{"line":27,"column":0},"end":{"line":55,"column":2}},"10":{"start":{"line":28,"column":2},"end":{"line":28,"column":19}},"11":{"start":{"line":29,"column":2},"end":{"line":29,"column":31}},"12":{"start":{"line":30,"column":2},"end":{"line":30,"column":75}},"13":{"start":{"line":31,"column":2},"end":{"line":50,"column":5}},"14":{"start":{"line":32,"column":4},"end":{"line":32,"column":40}},"15":{"start":{"line":33,"column":4},"end":{"line":33,"column":58}},"16":{"start":{"line":34,"column":4},"end":{"line":34,"column":39}},"17":{"start":{"line":35,"column":4},"end":{"line":35,"column":32}},"18":{"start":{"line":36,"column":4},"end":{"line":49,"column":8}},"19":{"start":{"line":51,"column":2},"end":{"line":54,"column":4}},"20":{"start":{"line":56,"column":0},"end":{"line":56,"column":46}},"21":{"start":{"line":57,"column":0},"end":{"line":137,"column":2}},"22":{"start":{"line":129,"column":6},"end":{"line":133,"column":9}},"23":{"start":{"line":130,"column":8},"end":{"line":132,"column":9}},"24":{"start":{"line":131,"column":10},"end":{"line":131,"column":26}}},"branchMap":{"1":{"line":34,"type":"binary-expr","locations":[{"start":{"line":34,"column":21},"end":{"line":34,"column":26}},{"start":{"line":34,"column":30},"end":{"line":34,"column":38}}]},"2":{"line":130,"type":"if","locations":[{"start":{"line":130,"column":8},"end":{"line":130,"column":8}},{"start":{"line":130,"column":8},"end":{"line":130,"column":8}}]},"3":{"line":130,"type":"binary-expr","locations":[{"start":{"line":130,"column":12},"end":{"line":130,"column":36}},{"start":{"line":130,"column":40},"end":{"line":130,"column":71}},{"start":{"line":130,"column":75},"end":{"line":130,"column":113}}]}}}}