TN:
SF:D:\大前端学习资源\webpack\builder-webpack\lib\webpack.prod.js
FNF:0
FNH:0
DA:10,1
DA:11,1
DA:12,1
DA:13,1
DA:15,1
DA:53,1
DA:54,1
LF:7
LH:7
BRF:0
BRH:0
end_of_record
TN:
SF:D:\大前端学习资源\webpack\builder-webpack\lib\webpack.base.js
FN:128,errorPlugin
FNF:1
FNH:0
FNDA:0,errorPlugin
DA:18,1
DA:19,1
DA:20,1
DA:21,1
DA:22,1
DA:23,1
DA:25,1
DA:26,1
DA:27,1
DA:28,1
DA:29,1
DA:30,1
DA:31,1
DA:32,2
DA:33,2
DA:34,2
DA:35,2
DA:36,2
DA:51,1
DA:56,1
DA:57,1
DA:129,0
DA:130,0
DA:131,0
LF:24
LH:21
BRDA:34,1,0,2
BRDA:34,1,1,2
BRDA:130,2,0,0
BRDA:130,2,1,0
BRDA:130,3,0,0
BRDA:130,3,1,0
BRDA:130,3,2,0
BRF:7
BRH:2
end_of_record
